0 info it worked if it ends with ok
1 verbose cli [ 'node', '/usr/local/bin/npm', 'install' ]
2 info using npm@2.12.1
3 info using node@v0.12.7
4 verbose readDependencies loading dependencies from /Users/matthewkrause/Desktop/The App/package.json
5 verbose install where, deps [ '/Users/matthewkrause/Desktop/The App',
5 verbose install   [ 'bower',
5 verbose install     'browser-sync',
5 verbose install     'gulp',
5 verbose install     'gulp-autoprefixer',
5 verbose install     'gulp-cached',
5 verbose install     'gulp-install',
5 verbose install     'gulp-jshint',
5 verbose install     'gulp-load-plugins',
5 verbose install     'gulp-notify',
5 verbose install     'gulp-plumber',
5 verbose install     'gulp-rename',
5 verbose install     'gulp-shell',
5 verbose install     'gulp-stylus',
5 verbose install     'gulp-task-listing',
5 verbose install     'jshint-stylish',
5 verbose install     'run-sequence',
5 verbose install     'http-server' ] ]
6 verbose install where, peers [ '/Users/matthewkrause/Desktop/The App', [] ]
7 verbose installManyTop reading for lifecycle /Users/matthewkrause/Desktop/The App/package.json
8 info preinstall DFC-Mobile@0.0.0
9 verbose installManyTop reading scoped package data from /Users/matthewkrause/Desktop/The App/node_modules/bower/package.json
10 verbose installManyTop reading scoped package data from /Users/matthewkrause/Desktop/The App/node_modules/browser-sync/package.json
11 verbose installManyTop reading scoped package data from /Users/matthewkrause/Desktop/The App/node_modules/gulp/package.json
12 verbose installManyTop reading scoped package data from /Users/matthewkrause/Desktop/The App/node_modules/gulp-autoprefixer/package.json
13 verbose installManyTop reading scoped package data from /Users/matthewkrause/Desktop/The App/node_modules/gulp-cached/package.json
14 verbose installManyTop reading scoped package data from /Users/matthewkrause/Desktop/The App/node_modules/gulp-install/package.json
15 verbose installManyTop reading scoped package data from /Users/matthewkrause/Desktop/The App/node_modules/gulp-jshint/package.json
16 verbose installManyTop reading scoped package data from /Users/matthewkrause/Desktop/The App/node_modules/gulp-load-plugins/package.json
17 verbose installManyTop reading scoped package data from /Users/matthewkrause/Desktop/The App/node_modules/gulp-notify/package.json
18 verbose installManyTop reading scoped package data from /Users/matthewkrause/Desktop/The App/node_modules/gulp-plumber/package.json
19 verbose installManyTop reading scoped package data from /Users/matthewkrause/Desktop/The App/node_modules/gulp-rename/package.json
20 verbose installManyTop reading scoped package data from /Users/matthewkrause/Desktop/The App/node_modules/gulp-shell/package.json
21 verbose installManyTop reading scoped package data from /Users/matthewkrause/Desktop/The App/node_modules/gulp-stylus/package.json
22 verbose installManyTop reading scoped package data from /Users/matthewkrause/Desktop/The App/node_modules/gulp-task-listing/package.json
23 verbose installManyTop reading scoped package data from /Users/matthewkrause/Desktop/The App/node_modules/http-server/package.json
24 verbose installManyTop reading scoped package data from /Users/matthewkrause/Desktop/The App/node_modules/jshint-stylish/package.json
25 verbose installManyTop reading scoped package data from /Users/matthewkrause/Desktop/The App/node_modules/run-sequence/package.json
26 info package.json bower@1.4.1 No license field.
27 info package.json gulp-cached@1.1.0 No license field.
28 info package.json gulp-notify@2.2.0 No license field.
29 info package.json gulp-task-listing@1.0.1 No license field.
30 info package.json gulp-rename@1.2.2 No license field.
31 info package.json http-server@0.6.1 No license field.
32 verbose readDependencies loading dependencies from /Users/matthewkrause/Desktop/The App/package.json
33 verbose targetResolver reading package data from /Users/matthewkrause/Desktop/The App/node_modules/bower/package.json
34 verbose targetResolver reading package data from /Users/matthewkrause/Desktop/The App/node_modules/browser-sync/package.json
35 verbose targetResolver reading package data from /Users/matthewkrause/Desktop/The App/node_modules/gulp/package.json
36 verbose targetResolver reading package data from /Users/matthewkrause/Desktop/The App/node_modules/gulp-autoprefixer/package.json
37 verbose targetResolver reading package data from /Users/matthewkrause/Desktop/The App/node_modules/gulp-cached/package.json
38 verbose targetResolver reading package data from /Users/matthewkrause/Desktop/The App/node_modules/gulp-install/package.json
39 verbose targetResolver reading package data from /Users/matthewkrause/Desktop/The App/node_modules/gulp-jshint/package.json
40 verbose targetResolver reading package data from /Users/matthewkrause/Desktop/The App/node_modules/gulp-load-plugins/package.json
41 verbose targetResolver reading package data from /Users/matthewkrause/Desktop/The App/node_modules/gulp-notify/package.json
42 verbose targetResolver reading package data from /Users/matthewkrause/Desktop/The App/node_modules/gulp-plumber/package.json
43 verbose targetResolver reading package data from /Users/matthewkrause/Desktop/The App/node_modules/gulp-rename/package.json
44 verbose targetResolver reading package data from /Users/matthewkrause/Desktop/The App/node_modules/gulp-shell/package.json
45 verbose targetResolver reading package data from /Users/matthewkrause/Desktop/The App/node_modules/gulp-stylus/package.json
46 verbose targetResolver reading package data from /Users/matthewkrause/Desktop/The App/node_modules/gulp-task-listing/package.json
47 verbose targetResolver reading package data from /Users/matthewkrause/Desktop/The App/node_modules/http-server/package.json
48 verbose targetResolver reading package data from /Users/matthewkrause/Desktop/The App/node_modules/jshint-stylish/package.json
49 verbose targetResolver reading package data from /Users/matthewkrause/Desktop/The App/node_modules/run-sequence/package.json
50 verbose targetResolver reading package data from /Users/matthewkrause/Desktop/The App/node_modules/.bin/bower/package.json
51 verbose targetResolver reading package data from /Users/matthewkrause/Desktop/The App/node_modules/.bin/browser-sync/package.json
52 verbose targetResolver reading package data from /Users/matthewkrause/Desktop/The App/node_modules/.bin/gulp/package.json
53 verbose already installed skipping gulp-shell@^0.4.0 /Users/matthewkrause/Desktop/The App
54 verbose already installed skipping gulp-stylus@^2.0.1 /Users/matthewkrause/Desktop/The App
55 verbose already installed skipping gulp-task-listing@^1.0.1 /Users/matthewkrause/Desktop/The App
56 verbose already installed skipping jshint-stylish@^1.0.1 /Users/matthewkrause/Desktop/The App
57 verbose already installed skipping run-sequence@^1.1.1 /Users/matthewkrause/Desktop/The App
58 verbose already installed skipping http-server@^0.6.1 /Users/matthewkrause/Desktop/The App
59 verbose already installed skipping bower@^1.4.1 /Users/matthewkrause/Desktop/The App
60 verbose already installed skipping browser-sync@^2.7.12 /Users/matthewkrause/Desktop/The App
61 verbose already installed skipping gulp@^3.9.0 /Users/matthewkrause/Desktop/The App
62 verbose already installed skipping gulp-autoprefixer@^2.1.0 /Users/matthewkrause/Desktop/The App
63 verbose already installed skipping gulp-cached@^1.0.1 /Users/matthewkrause/Desktop/The App
64 verbose already installed skipping gulp-install@^0.4.0 /Users/matthewkrause/Desktop/The App
65 verbose already installed skipping gulp-jshint@^1.8.4 /Users/matthewkrause/Desktop/The App
66 verbose already installed skipping gulp-load-plugins@^1.0.0-rc.1 /Users/matthewkrause/Desktop/The App
67 verbose already installed skipping gulp-notify@^2.2.0 /Users/matthewkrause/Desktop/The App
68 verbose already installed skipping gulp-plumber@^1.0.0 /Users/matthewkrause/Desktop/The App
69 verbose already installed skipping gulp-rename@^1.2.0 /Users/matthewkrause/Desktop/The App
70 silly install resolved []
71 info build /Users/matthewkrause/Desktop/The App
72 info linkStuff DFC-Mobile@0.0.0
73 silly linkStuff DFC-Mobile@0.0.0 has /Users/matthewkrause/Desktop as its parent node_modules
74 verbose linkBins DFC-Mobile@0.0.0
75 verbose linkMans DFC-Mobile@0.0.0
76 verbose rebuildBundles DFC-Mobile@0.0.0
77 verbose rebuildBundles [ '.bin',
77 verbose rebuildBundles   'bower',
77 verbose rebuildBundles   'browser-sync',
77 verbose rebuildBundles   'gulp',
77 verbose rebuildBundles   'gulp-autoprefixer',
77 verbose rebuildBundles   'gulp-cached',
77 verbose rebuildBundles   'gulp-install',
77 verbose rebuildBundles   'gulp-jshint',
77 verbose rebuildBundles   'gulp-load-plugins',
77 verbose rebuildBundles   'gulp-notify',
77 verbose rebuildBundles   'gulp-plumber',
77 verbose rebuildBundles   'gulp-rename',
77 verbose rebuildBundles   'gulp-shell',
77 verbose rebuildBundles   'gulp-stylus',
77 verbose rebuildBundles   'gulp-task-listing',
77 verbose rebuildBundles   'http-server',
77 verbose rebuildBundles   'jshint-stylish',
77 verbose rebuildBundles   'run-sequence' ]
78 info install DFC-Mobile@0.0.0
79 info postinstall DFC-Mobile@0.0.0
80 verbose unsafe-perm in lifecycle true
81 info DFC-Mobile@0.0.0 Failed to exec postinstall script
82 verbose stack Error: DFC-Mobile@0.0.0 postinstall: `bower install`
82 verbose stack Exit status 1
82 verbose stack     at EventEmitter.<anonymous> (/usr/local/lib/node_modules/npm/lib/utils/lifecycle.js:213:16)
82 verbose stack     at EventEmitter.emit (events.js:110:17)
82 verbose stack     at ChildProcess.<anonymous> (/usr/local/lib/node_modules/npm/lib/utils/spawn.js:24:14)
82 verbose stack     at ChildProcess.emit (events.js:110:17)
82 verbose stack     at maybeClose (child_process.js:1015:16)
82 verbose stack     at Process.ChildProcess._handle.onexit (child_process.js:1087:5)
83 verbose pkgid DFC-Mobile@0.0.0
84 verbose cwd /Users/matthewkrause/Desktop/The App
85 error Darwin 14.4.0
86 error argv "node" "/usr/local/bin/npm" "install"
87 error node v0.12.7
88 error npm  v2.12.1
89 error code ELIFECYCLE
90 error DFC-Mobile@0.0.0 postinstall: `bower install`
90 error Exit status 1
91 error Failed at the DFC-Mobile@0.0.0 postinstall script 'bower install'.
91 error This is most likely a problem with the DFC-Mobile package,
91 error not with npm itself.
91 error Tell the author that this fails on your system:
91 error     bower install
91 error You can get their info via:
91 error     npm owner ls DFC-Mobile
91 error There is likely additional logging output above.
92 verbose exit [ 1, true ]
